Tower_Command/Intermediate/Android/armv7/gradle/app/build/intermediates/manifest_merge_blame_file/debug/manifest-merger-blame-debug-report.txt
1<?xml version="1.0" encoding="utf-8"?>
2<manifest xmlns:android="http://schemas.android.com/apk/res/android"
3    package="wfa.issp.TowerCommand"
4    android:installLocation="internalOnly"
5    android:versionCode="1"
6    android:versionName="1.0" >
7
8    <uses-sdk
9        android:minSdkVersion="19"
9-->src\main\AndroidManifest.xml
10        android:targetSdkVersion="28" />
10-->src\main\AndroidManifest.xml
11    <!-- Requirements -->
12    <uses-feature
12-->src\main\AndroidManifest.xml:47:3-76
13        android:glEsVersion="0x00030001"
13-->src\main\AndroidManifest.xml:47:17-49
14        android:required="true" />
14-->src\main\AndroidManifest.xml:47:50-73
15
16    <uses-permission android:name="android.permission.INTERNET" />
16-->src\main\AndroidManifest.xml:48:3-65
16-->src\main\AndroidManifest.xml:48:20-62
17    <uses-permission android:name="android.permission.WRITE_EXTERNAL_STORAGE" />
17-->src\main\AndroidManifest.xml:49:3-79
17-->src\main\AndroidManifest.xml:49:20-76
18    <uses-permission android:name="android.permission.ACCESS_NETWORK_STATE" />
18-->src\main\AndroidManifest.xml:50:3-77
18-->src\main\AndroidManifest.xml:50:20-74
19    <uses-permission android:name="android.permission.WAKE_LOCK" />
19-->src\main\AndroidManifest.xml:51:3-66
19-->src\main\AndroidManifest.xml:51:20-63
20    <uses-permission android:name="com.android.vending.CHECK_LICENSE" />
20-->src\main\AndroidManifest.xml:52:3-71
20-->src\main\AndroidManifest.xml:52:20-68
21    <uses-permission android:name="android.permission.ACCESS_WIFI_STATE" />
21-->src\main\AndroidManifest.xml:53:3-74
21-->src\main\AndroidManifest.xml:53:20-71
22    <uses-permission android:name="android.permission.MODIFY_AUDIO_SETTINGS" />
22-->src\main\AndroidManifest.xml:54:3-78
22-->src\main\AndroidManifest.xml:54:20-75
23    <uses-permission android:name="android.permission.VIBRATE" />
23-->src\main\AndroidManifest.xml:55:3-64
23-->src\main\AndroidManifest.xml:55:20-61
24    <uses-permission android:name="com.android.vending.BILLING" />
24-->src\main\AndroidManifest.xml:56:3-65
24-->src\main\AndroidManifest.xml:56:20-62
25    <!-- Supported texture compression formats (cooked) -->
26    <supports-gl-texture android:name="GL_KHR_texture_compression_astc_ldr" />
26-->src\main\AndroidManifest.xml:58:3-77
26-->src\main\AndroidManifest.xml:58:24-74
27    <!-- Application Definition -->
28    <application
28-->src\main\AndroidManifest.xml:3:3-45:17
29        android:name="com.epicgames.ue4.GameApplication"
29-->src\main\AndroidManifest.xml:3:114-162
30        android:debuggable="true"
31        android:hardwareAccelerated="true"
31-->src\main\AndroidManifest.xml:3:79-113
32        android:hasCode="true"
32-->src\main\AndroidManifest.xml:3:163-185
33        android:icon="@drawable/icon"
33-->src\main\AndroidManifest.xml:3:49-78
34        android:label="@string/app_name" >
34-->src\main\AndroidManifest.xml:3:16-48
35        <activity
35-->src\main\AndroidManifest.xml:4:5-9:16
36            android:name="com.epicgames.ue4.SplashActivity"
36-->src\main\AndroidManifest.xml:4:15-62
37            android:debuggable="true"
37-->src\main\AndroidManifest.xml:4:210-235
38            android:label="@string/app_name"
38-->src\main\AndroidManifest.xml:4:63-95
39            android:launchMode="singleTask"
39-->src\main\AndroidManifest.xml:4:134-165
40            android:screenOrientation="sensorLandscape"
40-->src\main\AndroidManifest.xml:4:166-209
41            android:theme="@style/UE4SplashTheme" >
41-->src\main\AndroidManifest.xml:4:96-133
42            <intent-filter>
42-->src\main\AndroidManifest.xml:5:7-8:23
43                <action android:name="android.intent.action.MAIN" />
43-->src\main\AndroidManifest.xml:6:9-61
43-->src\main\AndroidManifest.xml:6:17-58
44
45                <category android:name="android.intent.category.LAUNCHER" />
45-->src\main\AndroidManifest.xml:7:9-69
45-->src\main\AndroidManifest.xml:7:19-66
46            </intent-filter>
47        </activity>
48        <activity
48-->src\main\AndroidManifest.xml:10:5-12:16
49            android:name="com.epicgames.ue4.GameActivity"
49-->src\main\AndroidManifest.xml:10:15-60
50            android:configChanges="mcc|mnc|uiMode|density|screenSize|smallestScreenSize|screenLayout|orientation|keyboardHidden|keyboard"
50-->src\main\AndroidManifest.xml:10:132-257
51            android:debuggable="true"
51-->src\main\AndroidManifest.xml:10:369-394
52            android:label="@string/app_name"
52-->src\main\AndroidManifest.xml:10:61-93
53            android:launchMode="singleTask"
53-->src\main\AndroidManifest.xml:10:293-324
54            android:resizeableActivity="false"
54-->src\main\AndroidManifest.xml:10:258-292
55            android:screenOrientation="sensorLandscape"
55-->src\main\AndroidManifest.xml:10:325-368
56            android:theme="@style/UE4SplashTheme" >
56-->src\main\AndroidManifest.xml:10:94-131
57            <meta-data
57-->src\main\AndroidManifest.xml:11:7-76
58                android:name="android.app.lib_name"
58-->src\main\AndroidManifest.xml:11:18-53
59                android:value="UE4" />
59-->src\main\AndroidManifest.xml:11:54-73
60        </activity>
61        <activity
61-->src\main\AndroidManifest.xml:13:5-228
62            android:name="wfa.issp.TowerCommand.DownloaderActivity"
62-->src\main\AndroidManifest.xml:13:15-49
63            android:configChanges="mcc|mnc|uiMode|density|screenSize|orientation|keyboardHidden|keyboard"
63-->src\main\AndroidManifest.xml:13:94-187
64            android:screenOrientation="sensorLandscape"
64-->src\main\AndroidManifest.xml:13:50-93
65            android:theme="@style/UE4SplashTheme" />
65-->src\main\AndroidManifest.xml:13:188-225
66
67        <meta-data
67-->src\main\AndroidManifest.xml:14:5-101
68            android:name="com.epicgames.ue4.GameActivity.EngineVersion"
68-->src\main\AndroidManifest.xml:14:16-75
69            android:value="4.25.3" />
69-->src\main\AndroidManifest.xml:14:76-98
70        <meta-data
70-->src\main\AndroidManifest.xml:15:5-112
71            android:name="com.epicgames.ue4.GameActivity.EngineBranch"
71-->src\main\AndroidManifest.xml:15:16-74
72            android:value="++UE4+Release-4.25" />
72-->src\main\AndroidManifest.xml:15:75-109
73        <meta-data
73-->src\main\AndroidManifest.xml:16:5-103
74            android:name="com.epicgames.ue4.GameActivity.ProjectVersion"
74-->src\main\AndroidManifest.xml:16:16-76
75            android:value="1.0.0.0" />
75-->src\main\AndroidManifest.xml:16:77-100
76        <meta-data
76-->src\main\AndroidManifest.xml:17:5-104
77            android:name="com.epicgames.ue4.GameActivity.DepthBufferPreference"
77-->src\main\AndroidManifest.xml:17:16-83
78            android:value="0" />
78-->src\main\AndroidManifest.xml:17:84-101
79        <meta-data
79-->src\main\AndroidManifest.xml:18:5-108
80            android:name="com.epicgames.ue4.GameActivity.bPackageDataInsideApk"
80-->src\main\AndroidManifest.xml:18:16-83
81            android:value="false" />
81-->src\main\AndroidManifest.xml:18:84-105
82        <meta-data
82-->src\main\AndroidManifest.xml:19:5-106
83            android:name="com.epicgames.ue4.GameActivity.bVerifyOBBOnStartUp"
83-->src\main\AndroidManifest.xml:19:16-81
84            android:value="false" />
84-->src\main\AndroidManifest.xml:19:82-103
85        <meta-data
85-->src\main\AndroidManifest.xml:20:5-99
86            android:name="com.epicgames.ue4.GameActivity.bShouldHideUI"
86-->src\main\AndroidManifest.xml:20:16-75
87            android:value="true" />
87-->src\main\AndroidManifest.xml:20:76-96
88        <meta-data
88-->src\main\AndroidManifest.xml:21:5-106
89            android:name="com.epicgames.ue4.GameActivity.ProjectName"
89-->src\main\AndroidManifest.xml:21:16-73
90            android:value="Tower_Command" />
90-->src\main\AndroidManifest.xml:21:74-103
91        <meta-data
91-->src\main\AndroidManifest.xml:22:5-89
92            android:name="com.epicgames.ue4.GameActivity.AppType"
92-->src\main\AndroidManifest.xml:22:16-69
93            android:value="" />
93-->src\main\AndroidManifest.xml:22:70-86
94        <meta-data
94-->src\main\AndroidManifest.xml:23:5-99
95            android:name="com.epicgames.ue4.GameActivity.bHasOBBFiles"
95-->src\main\AndroidManifest.xml:23:16-74
96            android:value="false" />
96-->src\main\AndroidManifest.xml:23:75-96
97        <meta-data
97-->src\main\AndroidManifest.xml:24:5-111
98            android:name="com.epicgames.ue4.GameActivity.BuildConfiguration"
98-->src\main\AndroidManifest.xml:24:16-80
99            android:value="Development" />
99-->src\main\AndroidManifest.xml:24:81-108
100        <meta-data
100-->src\main\AndroidManifest.xml:25:5-99
101            android:name="com.epicgames.ue4.GameActivity.CookedFlavors"
101-->src\main\AndroidManifest.xml:25:16-75
102            android:value="ASTC" />
102-->src\main\AndroidManifest.xml:25:76-96
103        <meta-data
103-->src\main\AndroidManifest.xml:26:5-109
104            android:name="com.epicgames.ue4.GameActivity.bValidateTextureFormats"
104-->src\main\AndroidManifest.xml:26:16-85
105            android:value="true" />
105-->src\main\AndroidManifest.xml:26:86-106
106        <meta-data
106-->src\main\AndroidManifest.xml:27:5-107
107            android:name="com.epicgames.ue4.GameActivity.bUseExternalFilesDir"
107-->src\main\AndroidManifest.xml:27:16-82
108            android:value="false" />
108-->src\main\AndroidManifest.xml:27:83-104
109        <meta-data
109-->src\main\AndroidManifest.xml:28:5-102
110            android:name="com.epicgames.ue4.GameActivity.bPublicLogFiles"
110-->src\main\AndroidManifest.xml:28:16-77
111            android:value="false" />
111-->src\main\AndroidManifest.xml:28:78-99
112        <meta-data
112-->src\main\AndroidManifest.xml:29:5-104
113            android:name="com.epicgames.ue4.GameActivity.bUseDisplayCutout"
113-->src\main\AndroidManifest.xml:29:16-79
114            android:value="false" />
114-->src\main\AndroidManifest.xml:29:80-101
115        <meta-data
115-->src\main\AndroidManifest.xml:30:5-95
116            android:name="com.epicgames.ue4.GameActivity.bAllowIMU"
116-->src\main\AndroidManifest.xml:30:16-71
117            android:value="true" />
117-->src\main\AndroidManifest.xml:30:72-92
118        <meta-data
118-->src\main\AndroidManifest.xml:31:5-102
119            android:name="com.epicgames.ue4.GameActivity.bSupportsVulkan"
119-->src\main\AndroidManifest.xml:31:16-77
120            android:value="false" />
120-->src\main\AndroidManifest.xml:31:78-99
121        <meta-data
121-->src\main\AndroidManifest.xml:32:5-141
122            android:name="com.epicgames.ue4.GameActivity.StartupPermissions"
122-->src\main\AndroidManifest.xml:32:16-80
123            android:value="android.permission.WRITE_EXTERNAL_STORAGE" />
123-->src\main\AndroidManifest.xml:32:81-138
124        <meta-data
124-->src\main\AndroidManifest.xml:33:5-100
125            android:name="com.google.android.gms.games.APP_ID"
125-->src\main\AndroidManifest.xml:33:16-66
126            android:value="@string/app_id" />
126-->src\main\AndroidManifest.xml:33:67-97
127        <meta-data
127-->src\main\AndroidManifest.xml:34:5-118
128            android:name="com.google.android.gms.version"
128-->src\main\AndroidManifest.xml:34:16-61
129            android:value="@integer/google_play_services_version" />
129-->src\main\AndroidManifest.xml:34:62-115
130
131        <activity
131-->src\main\AndroidManifest.xml:35:5-180
132            android:name="com.google.android.gms.ads.AdActivity"
132-->src\main\AndroidManifest.xml:35:15-67
133            android:configChanges="keyboard|keyboardHidden|orientation|screenLayout|uiMode|screenSize|smallestScreenSize"
133-->src\main\AndroidManifest.xml:35:68-177
134            android:exported="false"
134-->[com.google.android.gms:play-services-ads-lite:11.8.0] AndroidManifest.xml:32:13-37
135            android:theme="@android:style/Theme.Translucent" />
135-->[com.google.android.gms:play-services-ads-lite:11.8.0] AndroidManifest.xml:33:13-61
136
137        <service android:name="wfa.issp.TowerCommand.OBBDownloaderService" />
137-->src\main\AndroidManifest.xml:36:5-52
137-->src\main\AndroidManifest.xml:36:14-49
138
139        <receiver android:name="wfa.issp.TowerCommand.AlarmReceiver" />
139-->src\main\AndroidManifest.xml:37:5-46
139-->src\main\AndroidManifest.xml:37:15-43
140        <receiver android:name="com.epicgames.ue4.LocalNotificationReceiver" />
140-->src\main\AndroidManifest.xml:38:5-76
140-->src\main\AndroidManifest.xml:38:15-73
141        <receiver
141-->src\main\AndroidManifest.xml:39:5-43:16
142            android:name="com.epicgames.ue4.MulticastBroadcastReceiver"
142-->src\main\AndroidManifest.xml:39:15-74
143            android:exported="true" >
143-->src\main\AndroidManifest.xml:39:75-98
144            <intent-filter>
144-->src\main\AndroidManifest.xml:40:7-42:23
145                <action android:name="com.android.vending.INSTALL_REFERRER" />
145-->src\main\AndroidManifest.xml:41:9-71
145-->src\main\AndroidManifest.xml:41:17-68
146            </intent-filter>
147        </receiver>
148
149        <meta-data
149-->src\main\AndroidManifest.xml:44:5-73
150            android:name="android.max_aspect"
150-->src\main\AndroidManifest.xml:44:16-49
151            android:value="2.10" />
151-->src\main\AndroidManifest.xml:44:50-70
152
153        <activity
153-->[com.google.android.gms:play-services-auth:11.8.0] AndroidManifest.xml:23:9-27:75
154            android:name="com.google.android.gms.auth.api.signin.internal.SignInHubActivity"
154-->[com.google.android.gms:play-services-auth:11.8.0] AndroidManifest.xml:24:13-93
155            android:excludeFromRecents="true"
155-->[com.google.android.gms:play-services-auth:11.8.0] AndroidManifest.xml:25:13-46
156            android:exported="false"
156-->[com.google.android.gms:play-services-auth:11.8.0] AndroidManifest.xml:26:13-37
157            android:theme="@android:style/Theme.Translucent.NoTitleBar" />
157-->[com.google.android.gms:play-services-auth:11.8.0] AndroidManifest.xml:27:13-72
158        <!--
159            Service handling Google Sign-In user revocation. For apps that do not integrate with
160            Google Sign-In, this service will never be started.
161        -->
162        <service
162-->[com.google.android.gms:play-services-auth:11.8.0] AndroidManifest.xml:33:9-36:110
163            android:name="com.google.android.gms.auth.api.signin.RevocationBoundService"
163-->[com.google.android.gms:play-services-auth:11.8.0] AndroidManifest.xml:34:13-89
164            android:exported="true"
164-->[com.google.android.gms:play-services-auth:11.8.0] AndroidManifest.xml:35:13-36
165            android:permission="com.google.android.gms.auth.api.signin.permission.REVOCATION_NOTIFICATION" />
165-->[com.google.android.gms:play-services-auth:11.8.0] AndroidManifest.xml:36:13-107
166
167        <meta-data
167-->[com.android.billingclient:billing:2.0.3] AndroidManifest.xml:13:9-15:37
168            android:name="com.google.android.play.billingclient.version"
168-->[com.android.billingclient:billing:2.0.3] AndroidManifest.xml:14:13-73
169            android:value="2.0.3" />
169-->[com.android.billingclient:billing:2.0.3] AndroidManifest.xml:15:13-34
170
171        <activity
171-->[com.android.billingclient:billing:2.0.3] AndroidManifest.xml:17:9-20:75
172            android:name="com.android.billingclient.api.ProxyBillingActivity"
172-->[com.android.billingclient:billing:2.0.3] AndroidManifest.xml:18:13-78
173            android:configChanges="keyboard|keyboardHidden|screenLayout|screenSize|orientation"
173-->[com.android.billingclient:billing:2.0.3] AndroidManifest.xml:19:13-96
174            android:theme="@android:style/Theme.Translucent.NoTitleBar" />
174-->[com.android.billingclient:billing:2.0.3] AndroidManifest.xml:20:13-72
175
176        <provider
176-->[android.arch.lifecycle:extensions:1.1.1] AndroidManifest.xml:23:9-27:43
177            android:name="android.arch.lifecycle.ProcessLifecycleOwnerInitializer"
177-->[android.arch.lifecycle:extensions:1.1.1] AndroidManifest.xml:24:13-83
178            android:authorities="wfa.issp.TowerCommand.lifecycle-trojan"
178-->[android.arch.lifecycle:extensions:1.1.1] AndroidManifest.xml:25:13-68
179            android:exported="false"
179-->[android.arch.lifecycle:extensions:1.1.1] AndroidManifest.xml:26:13-37
180            android:multiprocess="true" />
180-->[android.arch.lifecycle:extensions:1.1.1] AndroidManifest.xml:27:13-40
181
182        <activity
182-->[com.google.android.gms:play-services-base:11.8.0] AndroidManifest.xml:23:9-26:75
183            android:name="com.google.android.gms.common.api.GoogleApiActivity"
183-->[com.google.android.gms:play-services-base:11.8.0] AndroidManifest.xml:24:13-79
184            android:exported="false"
184-->[com.google.android.gms:play-services-base:11.8.0] AndroidManifest.xml:25:13-37
185            android:theme="@android:style/Theme.Translucent.NoTitleBar" />
185-->[com.google.android.gms:play-services-base:11.8.0] AndroidManifest.xml:26:13-72
186    </application>
187
188</manifest>